
<<<<<<<<<<<<<<<<<<<<<<<<<<<<<<<<<<<<<<<<<<<< LOG STARTED AT 01:42:00 - 06/02/2023 >>>>>>>>>>>>>>>>>>>>>>>>>>>>>>>>>>>>>>>>>>

Mon Feb 06 01:42:00 IST 2023 Connection Established

<<<<<<<<<<<<<<<<<<<<<<<<<<<<<<<<<<<<<<<<<<<< LOG CLOSED AT 01:42:01 - 06/02/2023 >>>>>>>>>>>>>>>>>>>>>>>>>>>>>>>>>>>>>>>>>>

<<<<<<<<<<<<<<<<<<<<<<<<<<<<<<<<<<<<<<<<<<<< LOG STARTED AT 01:42:01 - 06/02/2023 >>>>>>>>>>>>>>>>>>>>>>>>>>>>>>>>>>>>>>>>>>

Mon Feb 06 01:42:01 IST 2023 Connection Established

<<<<<<<<<<<<<<<<<<<<<<<<<<<<<<<<<<<<<<<<<<<< LOG CLOSED AT 01:42:01 - 06/02/2023 >>>>>>>>>>>>>>>>>>>>>>>>>>>>>>>>>>>>>>>>>>

<<<<<<<<<<<<<<<<<<<<<<<<<<<<<<<<<<<<<<<<<<<< LOG STARTED AT 01:42:19 - 06/02/2023 >>>>>>>>>>>>>>>>>>>>>>>>>>>>>>>>>>>>>>>>>>

Mon Feb 06 01:42:19 IST 2023 Connection Established

<<<<<<<<<<<<<<<<<<<<<<<<<<<<<<<<<<<<<<<<<<<< LOG STARTED AT 01:42:19 - 06/02/2023 >>>>>>>>>>>>>>>>>>>>>>>>>>>>>>>>>>>>>>>>>>


<<<<<<<<<<<<<<<<<<<<<<<<<<<<<<<<<<<<<<<<<<<< LOG CLOSED AT 01:42:19 - 06/02/2023 >>>>>>>>>>>>>>>>>>>>>>>>>>>>>>>>>>>>>>>>>>

<<<<<<<<<<<<<<<<<<<<<<<<<<<<<<<<<<<<<<<<<<<< LOG STARTED AT 01:42:19 - 06/02/2023 >>>>>>>>>>>>>>>>>>>>>>>>>>>>>>>>>>>>>>>>>>

Mon Feb 06 01:42:19 IST 2023 Connection Established

<<<<<<<<<<<<<<<<<<<<<<<<<<<<<<<<<<<<<<<<<<<< LOG CLOSED AT 01:42:19 - 06/02/2023 >>>>>>>>>>>>>>>>>>>>>>>>>>>>>>>>>>>>>>>>>>

<<<<<<<<<<<<<<<<<<<<<<<<<<<<<<<<<<<<<<<<<<<< LOG STARTED AT 01:42:19 - 06/02/2023 >>>>>>>>>>>>>>>>>>>>>>>>>>>>>>>>>>>>>>>>>>

Mon Feb 06 01:42:19 IST 2023 Connection Established

<<<<<<<<<<<<<<<<<<<<<<<<<<<<<<<<<<<<<<<<<<<< LOG CLOSED AT 01:42:19 - 06/02/2023 >>>>>>>>>>>>>>>>>>>>>>>>>>>>>>>>>>>>>>>>>>

<<<<<<<<<<<<<<<<<<<<<<<<<<<<<<<<<<<<<<<<<<<< LOG CLOSED AT 01:42:19 - 06/02/2023 >>>>>>>>>>>>>>>>>>>>>>>>>>>>>>>>>>>>>>>>>>

<<<<<<<<<<<<<<<<<<<<<<<<<<<<<<<<<<<<<<<<<<<< LOG STARTED AT 01:42:21 - 06/02/2023 >>>>>>>>>>>>>>>>>>>>>>>>>>>>>>>>>>>>>>>>>>

Mon Feb 06 01:42:21 IST 2023 Connection Established

<<<<<<<<<<<<<<<<<<<<<<<<<<<<<<<<<<<<<<<<<<<< LOG CLOSED AT 01:42:21 - 06/02/2023 >>>>>>>>>>>>>>>>>>>>>>>>>>>>>>>>>>>>>>>>>>

<<<<<<<<<<<<<<<<<<<<<<<<<<<<<<<<<<<<<<<<<<<< LOG STARTED AT 01:44:08 - 06/02/2023 >>>>>>>>>>>>>>>>>>>>>>>>>>>>>>>>>>>>>>>>>>

Mon Feb 06 01:44:08 IST 2023 Connection Established

<<<<<<<<<<<<<<<<<<<<<<<<<<<<<<<<<<<<<<<<<<<< LOG CLOSED AT 01:44:09 - 06/02/2023 >>>>>>>>>>>>>>>>>>>>>>>>>>>>>>>>>>>>>>>>>>

<<<<<<<<<<<<<<<<<<<<<<<<<<<<<<<<<<<<<<<<<<<< LOG STARTED AT 01:45:01 - 06/02/2023 >>>>>>>>>>>>>>>>>>>>>>>>>>>>>>>>>>>>>>>>>>

Mon Feb 06 01:45:01 IST 2023 Connection Established

<<<<<<<<<<<<<<<<<<<<<<<<<<<<<<<<<<<<<<<<<<<< LOG CLOSED AT 01:45:01 - 06/02/2023 >>>>>>>>>>>>>>>>>>>>>>>>>>>>>>>>>>>>>>>>>>

<<<<<<<<<<<<<<<<<<<<<<<<<<<<<<<<<<<<<<<<<<<< LOG STARTED AT 01:45:43 - 06/02/2023 >>>>>>>>>>>>>>>>>>>>>>>>>>>>>>>>>>>>>>>>>>

Mon Feb 06 01:45:43 IST 2023 Connection Established

<<<<<<<<<<<<<<<<<<<<<<<<<<<<<<<<<<<<<<<<<<<< LOG CLOSED AT 01:45:43 - 06/02/2023 >>>>>>>>>>>>>>>>>>>>>>>>>>>>>>>>>>>>>>>>>>

<<<<<<<<<<<<<<<<<<<<<<<<<<<<<<<<<<<<<<<<<<<< LOG STARTED AT 01:46:04 - 06/02/2023 >>>>>>>>>>>>>>>>>>>>>>>>>>>>>>>>>>>>>>>>>>

Mon Feb 06 01:46:04 IST 2023 Connection Established

<<<<<<<<<<<<<<<<<<<<<<<<<<<<<<<<<<<<<<<<<<<< LOG CLOSED AT 01:46:04 - 06/02/2023 >>>>>>>>>>>>>>>>>>>>>>>>>>>>>>>>>>>>>>>>>>

<<<<<<<<<<<<<<<<<<<<<<<<<<<<<<<<<<<<<<<<<<<< LOG STARTED AT 01:46:23 - 06/02/2023 >>>>>>>>>>>>>>>>>>>>>>>>>>>>>>>>>>>>>>>>>>

Mon Feb 06 01:46:23 IST 2023 Connection Established

<<<<<<<<<<<<<<<<<<<<<<<<<<<<<<<<<<<<<<<<<<<< LOG CLOSED AT 01:46:23 - 06/02/2023 >>>>>>>>>>>>>>>>>>>>>>>>>>>>>>>>>>>>>>>>>>

<<<<<<<<<<<<<<<<<<<<<<<<<<<<<<<<<<<<<<<<<<<< LOG STARTED AT 01:46:23 - 06/02/2023 >>>>>>>>>>>>>>>>>>>>>>>>>>>>>>>>>>>>>>>>>>

Mon Feb 06 01:46:23 IST 2023 Connection Established

<<<<<<<<<<<<<<<<<<<<<<<<<<<<<<<<<<<<<<<<<<<< LOG CLOSED AT 01:46:23 - 06/02/2023 >>>>>>>>>>>>>>>>>>>>>>>>>>>>>>>>>>>>>>>>>>

<<<<<<<<<<<<<<<<<<<<<<<<<<<<<<<<<<<<<<<<<<<< LOG STARTED AT 01:51:56 - 06/02/2023 >>>>>>>>>>>>>>>>>>>>>>>>>>>>>>>>>>>>>>>>>>

Mon Feb 06 01:51:56 IST 2023 Connection Established

<<<<<<<<<<<<<<<<<<<<<<<<<<<<<<<<<<<<<<<<<<<< LOG CLOSED AT 01:51:56 - 06/02/2023 >>>>>>>>>>>>>>>>>>>>>>>>>>>>>>>>>>>>>>>>>>

<<<<<<<<<<<<<<<<<<<<<<<<<<<<<<<<<<<<<<<<<<<< LOG STARTED AT 01:51:56 - 06/02/2023 >>>>>>>>>>>>>>>>>>>>>>>>>>>>>>>>>>>>>>>>>>

Mon Feb 06 01:51:56 IST 2023 Connection Established

<<<<<<<<<<<<<<<<<<<<<<<<<<<<<<<<<<<<<<<<<<<< LOG CLOSED AT 01:51:56 - 06/02/2023 >>>>>>>>>>>>>>>>>>>>>>>>>>>>>>>>>>>>>>>>>>

<<<<<<<<<<<<<<<<<<<<<<<<<<<<<<<<<<<<<<<<<<<< LOG STARTED AT 01:52:04 - 06/02/2023 >>>>>>>>>>>>>>>>>>>>>>>>>>>>>>>>>>>>>>>>>>

Mon Feb 06 01:52:04 IST 2023 Connection Established

<<<<<<<<<<<<<<<<<<<<<<<<<<<<<<<<<<<<<<<<<<<< LOG STARTED AT 01:52:04 - 06/02/2023 >>>>>>>>>>>>>>>>>>>>>>>>>>>>>>>>>>>>>>>>>>


<<<<<<<<<<<<<<<<<<<<<<<<<<<<<<<<<<<<<<<<<<<< LOG CLOSED AT 01:52:04 - 06/02/2023 >>>>>>>>>>>>>>>>>>>>>>>>>>>>>>>>>>>>>>>>>>
Mon Feb 06 01:52:04 IST 2023 Record Deleted:false

<<<<<<<<<<<<<<<<<<<<<<<<<<<<<<<<<<<<<<<<<<<< LOG CLOSED AT 01:52:04 - 06/02/2023 >>>>>>>>>>>>>>>>>>>>>>>>>>>>>>>>>>>>>>>>>>

<<<<<<<<<<<<<<<<<<<<<<<<<<<<<<<<<<<<<<<<<<<< LOG STARTED AT 01:53:14 - 06/02/2023 >>>>>>>>>>>>>>>>>>>>>>>>>>>>>>>>>>>>>>>>>>

Mon Feb 06 01:53:15 IST 2023 Connection Established

<<<<<<<<<<<<<<<<<<<<<<<<<<<<<<<<<<<<<<<<<<<< LOG CLOSED AT 01:53:15 - 06/02/2023 >>>>>>>>>>>>>>>>>>>>>>>>>>>>>>>>>>>>>>>>>>

<<<<<<<<<<<<<<<<<<<<<<<<<<<<<<<<<<<<<<<<<<<< LOG STARTED AT 01:53:15 - 06/02/2023 >>>>>>>>>>>>>>>>>>>>>>>>>>>>>>>>>>>>>>>>>>

Mon Feb 06 01:53:15 IST 2023 Connection Established

<<<<<<<<<<<<<<<<<<<<<<<<<<<<<<<<<<<<<<<<<<<< LOG CLOSED AT 01:53:15 - 06/02/2023 >>>>>>>>>>>>>>>>>>>>>>>>>>>>>>>>>>>>>>>>>>

<<<<<<<<<<<<<<<<<<<<<<<<<<<<<<<<<<<<<<<<<<<< LOG STARTED AT 01:53:22 - 06/02/2023 >>>>>>>>>>>>>>>>>>>>>>>>>>>>>>>>>>>>>>>>>>

Mon Feb 06 01:53:22 IST 2023 Connection Established

<<<<<<<<<<<<<<<<<<<<<<<<<<<<<<<<<<<<<<<<<<<< LOG STARTED AT 01:53:22 - 06/02/2023 >>>>>>>>>>>>>>>>>>>>>>>>>>>>>>>>>>>>>>>>>>


<<<<<<<<<<<<<<<<<<<<<<<<<<<<<<<<<<<<<<<<<<<< LOG CLOSED AT 01:53:22 - 06/02/2023 >>>>>>>>>>>>>>>>>>>>>>>>>>>>>>>>>>>>>>>>>>
Mon Feb 06 01:53:22 IST 2023 Record Deleted:false

<<<<<<<<<<<<<<<<<<<<<<<<<<<<<<<<<<<<<<<<<<<< LOG CLOSED AT 01:53:22 - 06/02/2023 >>>>>>>>>>>>>>>>>>>>>>>>>>>>>>>>>>>>>>>>>>

<<<<<<<<<<<<<<<<<<<<<<<<<<<<<<<<<<<<<<<<<<<< LOG STARTED AT 01:57:04 - 06/02/2023 >>>>>>>>>>>>>>>>>>>>>>>>>>>>>>>>>>>>>>>>>>

Mon Feb 06 01:57:05 IST 2023 Connection Established

<<<<<<<<<<<<<<<<<<<<<<<<<<<<<<<<<<<<<<<<<<<< LOG CLOSED AT 01:57:05 - 06/02/2023 >>>>>>>>>>>>>>>>>>>>>>>>>>>>>>>>>>>>>>>>>>

<<<<<<<<<<<<<<<<<<<<<<<<<<<<<<<<<<<<<<<<<<<< LOG STARTED AT 01:57:05 - 06/02/2023 >>>>>>>>>>>>>>>>>>>>>>>>>>>>>>>>>>>>>>>>>>

Mon Feb 06 01:57:05 IST 2023 Connection Established

<<<<<<<<<<<<<<<<<<<<<<<<<<<<<<<<<<<<<<<<<<<< LOG CLOSED AT 01:57:05 - 06/02/2023 >>>>>>>>>>>>>>>>>>>>>>>>>>>>>>>>>>>>>>>>>>

<<<<<<<<<<<<<<<<<<<<<<<<<<<<<<<<<<<<<<<<<<<< LOG STARTED AT 01:57:11 - 06/02/2023 >>>>>>>>>>>>>>>>>>>>>>>>>>>>>>>>>>>>>>>>>>

Mon Feb 06 01:57:11 IST 2023 Connection Established

<<<<<<<<<<<<<<<<<<<<<<<<<<<<<<<<<<<<<<<<<<<< LOG STARTED AT 01:57:11 - 06/02/2023 >>>>>>>>>>>>>>>>>>>>>>>>>>>>>>>>>>>>>>>>>>


<<<<<<<<<<<<<<<<<<<<<<<<<<<<<<<<<<<<<<<<<<<< LOG CLOSED AT 01:57:11 - 06/02/2023 >>>>>>>>>>>>>>>>>>>>>>>>>>>>>>>>>>>>>>>>>>
Mon Feb 06 01:57:11 IST 2023 Record Deleted:false

<<<<<<<<<<<<<<<<<<<<<<<<<<<<<<<<<<<<<<<<<<<< LOG CLOSED AT 01:57:11 - 06/02/2023 >>>>>>>>>>>>>>>>>>>>>>>>>>>>>>>>>>>>>>>>>>

<<<<<<<<<<<<<<<<<<<<<<<<<<<<<<<<<<<<<<<<<<<< LOG STARTED AT 02:02:34 - 06/02/2023 >>>>>>>>>>>>>>>>>>>>>>>>>>>>>>>>>>>>>>>>>>

Mon Feb 06 02:02:35 IST 2023 Connection Established

<<<<<<<<<<<<<<<<<<<<<<<<<<<<<<<<<<<<<<<<<<<< LOG CLOSED AT 02:02:35 - 06/02/2023 >>>>>>>>>>>>>>>>>>>>>>>>>>>>>>>>>>>>>>>>>>

<<<<<<<<<<<<<<<<<<<<<<<<<<<<<<<<<<<<<<<<<<<< LOG STARTED AT 02:02:35 - 06/02/2023 >>>>>>>>>>>>>>>>>>>>>>>>>>>>>>>>>>>>>>>>>>

Mon Feb 06 02:02:35 IST 2023 Connection Established

<<<<<<<<<<<<<<<<<<<<<<<<<<<<<<<<<<<<<<<<<<<< LOG CLOSED AT 02:02:35 - 06/02/2023 >>>>>>>>>>>>>>>>>>>>>>>>>>>>>>>>>>>>>>>>>>

<<<<<<<<<<<<<<<<<<<<<<<<<<<<<<<<<<<<<<<<<<<< LOG STARTED AT 02:02:42 - 06/02/2023 >>>>>>>>>>>>>>>>>>>>>>>>>>>>>>>>>>>>>>>>>>

Mon Feb 06 02:02:42 IST 2023 Connection Established

<<<<<<<<<<<<<<<<<<<<<<<<<<<<<<<<<<<<<<<<<<<< LOG STARTED AT 02:02:42 - 06/02/2023 >>>>>>>>>>>>>>>>>>>>>>>>>>>>>>>>>>>>>>>>>>


<<<<<<<<<<<<<<<<<<<<<<<<<<<<<<<<<<<<<<<<<<<< LOG CLOSED AT 02:02:42 - 06/02/2023 >>>>>>>>>>>>>>>>>>>>>>>>>>>>>>>>>>>>>>>>>>
Mon Feb 06 02:02:42 IST 2023 Record Deleted:true

<<<<<<<<<<<<<<<<<<<<<<<<<<<<<<<<<<<<<<<<<<<< LOG CLOSED AT 02:02:42 - 06/02/2023 >>>>>>>>>>>>>>>>>>>>>>>>>>>>>>>>>>>>>>>>>>

<<<<<<<<<<<<<<<<<<<<<<<<<<<<<<<<<<<<<<<<<<<< LOG STARTED AT 02:02:43 - 06/02/2023 >>>>>>>>>>>>>>>>>>>>>>>>>>>>>>>>>>>>>>>>>>

Mon Feb 06 02:02:43 IST 2023 Connection Established

<<<<<<<<<<<<<<<<<<<<<<<<<<<<<<<<<<<<<<<<<<<< LOG CLOSED AT 02:02:43 - 06/02/2023 >>>>>>>>>>>>>>>>>>>>>>>>>>>>>>>>>>>>>>>>>>

<<<<<<<<<<<<<<<<<<<<<<<<<<<<<<<<<<<<<<<<<<<< LOG STARTED AT 02:02:50 - 06/02/2023 >>>>>>>>>>>>>>>>>>>>>>>>>>>>>>>>>>>>>>>>>>

Mon Feb 06 02:02:50 IST 2023 Connection Established
Mon Feb 06 02:02:50 IST 2023 Record Deleted:true

<<<<<<<<<<<<<<<<<<<<<<<<<<<<<<<<<<<<<<<<<<<< LOG CLOSED AT 02:02:50 - 06/02/2023 >>>>>>>>>>>>>>>>>>>>>>>>>>>>>>>>>>>>>>>>>>

<<<<<<<<<<<<<<<<<<<<<<<<<<<<<<<<<<<<<<<<<<<< LOG STARTED AT 02:02:52 - 06/02/2023 >>>>>>>>>>>>>>>>>>>>>>>>>>>>>>>>>>>>>>>>>>

Mon Feb 06 02:02:52 IST 2023 Connection Established

<<<<<<<<<<<<<<<<<<<<<<<<<<<<<<<<<<<<<<<<<<<< LOG CLOSED AT 02:02:52 - 06/02/2023 >>>>>>>>>>>>>>>>>>>>>>>>>>>>>>>>>>>>>>>>>>
